--------------------------------------------------------------------------------
Release 10.1 Trace  (nt)
Copyright (c) 1995-2008 Xilinx, Inc.  All rights reserved.

D:\folder\ISE\bin\nt\unwrapped\trce.exe -ise
C:/Documents and Settings/304/Desktop/MachIdent/MachIdent.ise -intstyle ise -e
3 -s 4 -xml TopModule TopModule.ncd -o TopModule.twr TopModule.pcf -ucf
TopModule.ucf

Design file:              TopModule.ncd
Physical constraint file: TopModule.pcf
Device,package,speed:     xc3s200,ft256,-4 (PRODUCTION 1.39 2008-01-09)
Report level:             error report

Environment Variable      Effect 
--------------------      ------ 
NONE                      No environment variables were set
--------------------------------------------------------------------------------

INFO:Timing:2698 - No timing constraints found, doing default enumeration.
INFO:Timing:2752 - To get complete path coverage, use the unconstrained paths 
   option. All paths that are not constrained will be reported in the 
   unconstrained paths section(s) of the report.
INFO:Timing:3339 - The clock-to-out numbers in this timing report are based on 
   a 50 Ohm transmission line loading model.  For the details of this model, 
   and for more information on accounting for different loading conditions, 
   please see the device datasheet.



Data Sheet report:
-----------------
All values displayed in nanoseconds (ns)

Setup/Hold to clock clk
------------+------------+------------+------------------+--------+
            |  Setup to  |  Hold to   |                  | Clock  |
Source      | clk (edge) | clk (edge) |Internal Clock(s) | Phase  |
------------+------------+------------+------------------+--------+
cheat       |    3.632(R)|    0.586(R)|clk_BUFGP         |   0.000|
------------+------------+------------+------------------+--------+

Setup/Hold to clock selector<0>
------------+------------+------------+------------------+--------+
            |  Setup to  |  Hold to   |                  | Clock  |
Source      | clk (edge) | clk (edge) |Internal Clock(s) | Phase  |
------------+------------+------------+------------------+--------+
x           |   -0.372(R)|    2.951(R)|allClocks<0>      |   0.000|
            |   -0.642(R)|    3.001(R)|allClocks<1>      |   0.000|
            |    0.020(R)|    2.649(R)|allClocks<2>      |   0.000|
            |    0.167(R)|    2.714(R)|allClocks<3>      |   0.000|
            |   -1.070(R)|    3.775(R)|allClocks<6>      |   0.000|
------------+------------+------------+------------------+--------+

Setup/Hold to clock selector<1>
------------+------------+------------+------------------+--------+
            |  Setup to  |  Hold to   |                  | Clock  |
Source      | clk (edge) | clk (edge) |Internal Clock(s) | Phase  |
------------+------------+------------+------------------+--------+
x           |   -0.452(R)|    3.052(R)|allClocks<0>      |   0.000|
            |   -0.734(R)|    3.117(R)|allClocks<1>      |   0.000|
            |   -0.060(R)|    2.750(R)|allClocks<2>      |   0.000|
            |    0.075(R)|    2.830(R)|allClocks<3>      |   0.000|
            |   -1.458(R)|    4.261(R)|allClocks<6>      |   0.000|
------------+------------+------------+------------------+--------+

Setup/Hold to clock selector<2>
------------+------------+------------+------------------+--------+
            |  Setup to  |  Hold to   |                  | Clock  |
Source      | clk (edge) | clk (edge) |Internal Clock(s) | Phase  |
------------+------------+------------+------------------+--------+
x           |    0.107(R)|    2.353(R)|allClocks<0>      |   0.000|
            |   -0.231(R)|    2.488(R)|allClocks<1>      |   0.000|
            |    0.093(R)|    2.559(R)|allClocks<2>      |   0.000|
            |    0.167(R)|    2.715(R)|allClocks<3>      |   0.000|
            |   -0.897(R)|    3.560(R)|allClocks<6>      |   0.000|
------------+------------+------------+------------------+--------+

Clock selector<0> to Pad
------------+------------+------------------+--------+
            | clk (edge) |                  | Clock  |
Destination |   to PAD   |Internal Clock(s) | Phase  |
------------+------------+------------------+--------+
z           |   14.347(R)|allClocks<0>      |   0.000|
            |   13.965(R)|allClocks<1>      |   0.000|
            |   14.022(R)|allClocks<2>      |   0.000|
            |   13.227(R)|allClocks<3>      |   0.000|
            |   14.946(R)|allClocks<6>      |   0.000|
------------+------------+------------------+--------+

Clock selector<1> to Pad
------------+------------+------------------+--------+
            | clk (edge) |                  | Clock  |
Destination |   to PAD   |Internal Clock(s) | Phase  |
------------+------------+------------------+--------+
z           |   14.448(R)|allClocks<0>      |   0.000|
            |   14.081(R)|allClocks<1>      |   0.000|
            |   14.123(R)|allClocks<2>      |   0.000|
            |   13.343(R)|allClocks<3>      |   0.000|
            |   15.432(R)|allClocks<6>      |   0.000|
------------+------------+------------------+--------+

Clock selector<2> to Pad
------------+------------+------------------+--------+
            | clk (edge) |                  | Clock  |
Destination |   to PAD   |Internal Clock(s) | Phase  |
------------+------------+------------------+--------+
z           |   13.749(R)|allClocks<0>      |   0.000|
            |   13.452(R)|allClocks<1>      |   0.000|
            |   13.932(R)|allClocks<2>      |   0.000|
            |   13.228(R)|allClocks<3>      |   0.000|
            |   14.731(R)|allClocks<6>      |   0.000|
------------+------------+------------------+--------+

Clock to Setup on destination clock clk
---------------+---------+---------+---------+---------+
               | Src:Rise| Src:Fall| Src:Rise| Src:Fall|
Source Clock   |Dest:Rise|Dest:Rise|Dest:Fall|Dest:Fall|
---------------+---------+---------+---------+---------+
clk            |    5.786|         |         |         |
selector<0>    |    7.095|    6.552|         |         |
selector<1>    |    7.095|    6.725|         |         |
selector<2>    |    7.095|    4.914|         |         |
---------------+---------+---------+---------+---------+

Clock to Setup on destination clock selector<0>
---------------+---------+---------+---------+---------+
               | Src:Rise| Src:Fall| Src:Rise| Src:Fall|
Source Clock   |Dest:Rise|Dest:Rise|Dest:Fall|Dest:Fall|
---------------+---------+---------+---------+---------+
selector<0>    |    3.382|         |         |         |
selector<1>    |    3.382|         |         |         |
selector<2>    |    3.382|         |         |         |
---------------+---------+---------+---------+---------+

Clock to Setup on destination clock selector<1>
---------------+---------+---------+---------+---------+
               | Src:Rise| Src:Fall| Src:Rise| Src:Fall|
Source Clock   |Dest:Rise|Dest:Rise|Dest:Fall|Dest:Fall|
---------------+---------+---------+---------+---------+
selector<0>    |    3.382|         |         |         |
selector<1>    |    3.382|         |         |         |
selector<2>    |    3.382|         |         |         |
---------------+---------+---------+---------+---------+

Clock to Setup on destination clock selector<2>
---------------+---------+---------+---------+---------+
               | Src:Rise| Src:Fall| Src:Rise| Src:Fall|
Source Clock   |Dest:Rise|Dest:Rise|Dest:Fall|Dest:Fall|
---------------+---------+---------+---------+---------+
selector<0>    |    3.382|         |         |         |
selector<1>    |    3.382|         |         |         |
selector<2>    |    3.382|         |         |         |
---------------+---------+---------+---------+---------+

Pad to Pad
---------------+---------------+---------+
Source Pad     |Destination Pad|  Delay  |
---------------+---------------+---------+
selector<0>    |z              |   10.959|
selector<1>    |z              |   11.002|
selector<2>    |z              |    9.303|
---------------+---------------+---------+


Analysis completed Wed Apr 26 18:18:56 2017 
--------------------------------------------------------------------------------

Trace Settings:
-------------------------
Trace Settings 

Peak Memory Usage: 76 MB



